<?xml version="1.0" encoding="UTF-8"?>
<robot generator="Robot 3.2.2 (Python 3.9.0 on win32)" generated="20201124 12:02:58.156" rpa="false">
<suite id="s1" name="Tests" source="C:\Users\a.salako\Documents\Solutions\Checkout\tests.robot">
<test id="s1-t1" name="Valid Login">
<kw name="Launch Browser And Navigate To Webpage">
<kw name="Open Browser" library="SeleniumLibrary">
<doc>Opens a new browser instance to the optional ``url``.</doc>
<arguments>
<arg>${LOGIN URL}</arg>
<arg>${BROWSER}</arg>
</arguments>
<msg timestamp="20201124 12:02:58.473" level="INFO">Opening browser 'firefox' to base url 'https://www.asos.com/'.</msg>
<msg timestamp="20201124 12:02:58.499" level="INFO">Firefox driver log is always forced to to: C:\Users\a.salako\Documents\Solutions\Checkout\geckodriver-59.log</msg>
<status status="PASS" starttime="20201124 12:02:58.473" endtime="20201124 12:03:10.260"></status>
</kw>
<kw name="Maximize Browser Window" library="SeleniumLibrary">
<doc>Maximizes current browser window.</doc>
<status status="PASS" starttime="20201124 12:03:10.260" endtime="20201124 12:03:10.536"></status>
</kw>
<status status="PASS" starttime="20201124 12:02:58.473" endtime="20201124 12:03:10.536"></status>
</kw>
<kw name="Close Popup">
<kw name="Click Element" library="SeleniumLibrary">
<doc>Click the element identified by ``locator``.</doc>
<arguments>
<arg>xpath://span[@class='_19aAF1K -rhP1cz gBrrjX4 _2nHArcS']</arg>
</arguments>
<msg timestamp="20201124 12:03:10.537" level="INFO">Clicking element 'xpath://span[@class='_19aAF1K -rhP1cz gBrrjX4 _2nHArcS']'.</msg>
<status status="PASS" starttime="20201124 12:03:10.537" endtime="20201124 12:03:11.037"></status>
</kw>
<status status="PASS" starttime="20201124 12:03:10.537" endtime="20201124 12:03:11.037"></status>
</kw>
<kw name="Search For An Item">
<arguments>
<arg>sunglasses</arg>
</arguments>
<kw name="Input Text" library="SeleniumLibrary">
<doc>Types the given ``text`` into the text field identified by ``locator``.</doc>
<arguments>
<arg>chrome-search</arg>
<arg>${item}</arg>
</arguments>
<msg timestamp="20201124 12:03:11.039" level="INFO">Typing text 'sunglasses' into text field 'chrome-search'.</msg>
<status status="PASS" starttime="20201124 12:03:11.039" endtime="20201124 12:03:11.796"></status>
</kw>
<kw name="Wait">
<kw name="Sleep" library="BuiltIn">
<doc>Pauses the test executed for the given time.</doc>
<arguments>
<arg>3</arg>
</arguments>
<msg timestamp="20201124 12:03:14.812" level="INFO">Slept 3 seconds</msg>
<status status="PASS" starttime="20201124 12:03:11.797" endtime="20201124 12:03:14.812"></status>
</kw>
<status status="PASS" starttime="20201124 12:03:11.796" endtime="20201124 12:03:14.813"></status>
</kw>
<kw name="Click Button" library="SeleniumLibrary">
<doc>Clicks the button identified by ``locator``.</doc>
<arguments>
<arg>xpath://button[@class='H2J6qLQ _3Q1IVqO']</arg>
</arguments>
<msg timestamp="20201124 12:03:14.813" level="INFO">Clicking button 'xpath://button[@class='H2J6qLQ _3Q1IVqO']'.</msg>
<status status="PASS" starttime="20201124 12:03:14.813" endtime="20201124 12:03:17.240"></status>
</kw>
<status status="PASS" starttime="20201124 12:03:11.038" endtime="20201124 12:03:17.241"></status>
</kw>
<kw name="Sort Items By Price High to Low">
<kw name="Click Button" library="SeleniumLibrary">
<doc>Clicks the button identified by ``locator``.</doc>
<arguments>
<arg>xpath://button[@class='_1om7l06']</arg>
</arguments>
<msg timestamp="20201124 12:03:17.243" level="INFO">Clicking button 'xpath://button[@class='_1om7l06']'.</msg>
<status status="PASS" starttime="20201124 12:03:17.243" endtime="20201124 12:03:18.464"></status>
</kw>
<kw name="Click Element" library="SeleniumLibrary">
<doc>Click the element identified by ``locator``.</doc>
<arguments>
<arg>id:plp_web_sort_price_high_to_low</arg>
</arguments>
<msg timestamp="20201124 12:03:18.464" level="INFO">Clicking element 'id:plp_web_sort_price_high_to_low'.</msg>
<status status="PASS" starttime="20201124 12:03:18.464" endtime="20201124 12:03:18.966"></status>
</kw>
<kw name="Wait">
<kw name="Sleep" library="BuiltIn">
<doc>Pauses the test executed for the given time.</doc>
<arguments>
<arg>3</arg>
</arguments>
<msg timestamp="20201124 12:03:21.981" level="INFO">Slept 3 seconds</msg>
<status status="PASS" starttime="20201124 12:03:18.967" endtime="20201124 12:03:21.981"></status>
</kw>
<status status="PASS" starttime="20201124 12:03:18.966" endtime="20201124 12:03:21.981"></status>
</kw>
<status status="PASS" starttime="20201124 12:03:17.242" endtime="20201124 12:03:21.982"></status>
</kw>
<kw name="Add Items To List">
<arguments>
<arg>0</arg>
</arguments>
<kw name="Get WebElements" library="SeleniumLibrary">
<doc>Returns a list of WebElement objects matching the ``locator``.</doc>
<arguments>
<arg>class:_2r9Zh0W</arg>
</arguments>
<assign>
<var>${elem}</var>
</assign>
<msg timestamp="20201124 12:03:21.990" level="INFO">${elem} = [&lt;selenium.webdriver.firefox.webelement.FirefoxWebElement (session="a82d3534-d635-4b8b-a400-cff2fe7ffd8e", element="d53d28d6-e502-40f9-88dd-9b86626fd9c3")&gt;, &lt;selenium.webdriver.firefox.webelement.Fire...</msg>
<status status="PASS" starttime="20201124 12:03:21.983" endtime="20201124 12:03:21.990"></status>
</kw>
<kw name="Select Items On Product List Page">
<arguments>
<arg>${elem}[${num}]</arg>
</arguments>
<kw name="Scroll Element Into View" library="SeleniumLibrary">
<doc>Scrolls the element identified by ``locator`` into view.</doc>
<arguments>
<arg>${item}</arg>
</arguments>
<status status="PASS" starttime="20201124 12:03:21.991" endtime="20201124 12:03:22.267"></status>
</kw>
<kw name="Click Element" library="SeleniumLibrary">
<doc>Click the element identified by ``locator``.</doc>
<arguments>
<arg>${item}</arg>
</arguments>
<msg timestamp="20201124 12:03:22.267" level="INFO">Clicking element '&lt;selenium.webdriver.firefox.webelement.FirefoxWebElement (session="a82d3534-d635-4b8b-a400-cff2fe7ffd8e", element="d53d28d6-e502-40f9-88dd-9b86626fd9c3")&gt;'.</msg>
<status status="PASS" starttime="20201124 12:03:22.267" endtime="20201124 12:03:23.838"></status>
</kw>
<status status="PASS" starttime="20201124 12:03:21.990" endtime="20201124 12:03:23.838"></status>
</kw>
<status status="PASS" starttime="20201124 12:03:21.982" endtime="20201124 12:03:23.838"></status>
</kw>
<kw name="Add Item To Checkout">
<kw name="Wait">
<kw name="Sleep" library="BuiltIn">
<doc>Pauses the test executed for the given time.</doc>
<arguments>
<arg>3</arg>
</arguments>
<msg timestamp="20201124 12:03:26.848" level="INFO">Slept 3 seconds</msg>
<status status="PASS" starttime="20201124 12:03:23.840" endtime="20201124 12:03:26.849"></status>
</kw>
<status status="PASS" starttime="20201124 12:03:23.839" endtime="20201124 12:03:26.849"></status>
</kw>
<kw name="Assign Id To Element" library="SeleniumLibrary">
<doc>Assigns a temporary ``id`` to the element specified by ``locator``.</doc>
<arguments>
<arg>id:product-add</arg>
<arg>addToBasket</arg>
</arguments>
<msg timestamp="20201124 12:03:26.850" level="INFO">Assigning temporary id 'addToBasket' to element 'id:product-add'.</msg>
<status status="PASS" starttime="20201124 12:03:26.850" endtime="20201124 12:03:26.863"></status>
</kw>
<kw name="Click Element" library="SeleniumLibrary">
<doc>Click the element identified by ``locator``.</doc>
<arguments>
<arg>xpath://span[@data-bind='text: buttonText']</arg>
</arguments>
<msg timestamp="20201124 12:03:26.863" level="INFO">Clicking element 'xpath://span[@data-bind='text: buttonText']'.</msg>
<status status="PASS" starttime="20201124 12:03:26.863" endtime="20201124 12:03:27.125"></status>
</kw>
<status status="PASS" starttime="20201124 12:03:23.839" endtime="20201124 12:03:27.125"></status>
</kw>
<kw name="Go Back To Result Page">
<kw name="Go To" library="SeleniumLibrary">
<doc>Navigates the current browser window to the provided ``url``.</doc>
<arguments>
<arg>https://www.asos.com/search/?q=sunglasses</arg>
</arguments>
<msg timestamp="20201124 12:03:27.127" level="INFO">Opening url 'https://www.asos.com/search/?q=sunglasses'</msg>
<status status="PASS" starttime="20201124 12:03:27.126" endtime="20201124 12:03:28.953"></status>
</kw>
<status status="PASS" starttime="20201124 12:03:27.126" endtime="20201124 12:03:28.954"></status>
</kw>
<kw name="Sort Items By Price High to Low">
<kw name="Click Button" library="SeleniumLibrary">
<doc>Clicks the button identified by ``locator``.</doc>
<arguments>
<arg>xpath://button[@class='_1om7l06']</arg>
</arguments>
<msg timestamp="20201124 12:03:28.955" level="INFO">Clicking button 'xpath://button[@class='_1om7l06']'.</msg>
<status status="PASS" starttime="20201124 12:03:28.955" endtime="20201124 12:03:30.255"></status>
</kw>
<kw name="Click Element" library="SeleniumLibrary">
<doc>Click the element identified by ``locator``.</doc>
<arguments>
<arg>id:plp_web_sort_price_high_to_low</arg>
</arguments>
<msg timestamp="20201124 12:03:30.256" level="INFO">Clicking element 'id:plp_web_sort_price_high_to_low'.</msg>
<status status="PASS" starttime="20201124 12:03:30.255" endtime="20201124 12:03:30.697"></status>
</kw>
<kw name="Wait">
<kw name="Sleep" library="BuiltIn">
<doc>Pauses the test executed for the given time.</doc>
<arguments>
<arg>3</arg>
</arguments>
<msg timestamp="20201124 12:03:33.700" level="INFO">Slept 3 seconds</msg>
<status status="PASS" starttime="20201124 12:03:30.698" endtime="20201124 12:03:33.700"></status>
</kw>
<status status="PASS" starttime="20201124 12:03:30.698" endtime="20201124 12:03:33.700"></status>
</kw>
<status status="PASS" starttime="20201124 12:03:28.954" endtime="20201124 12:03:33.700"></status>
</kw>
<kw name="Add Items To List">
<arguments>
<arg>1</arg>
</arguments>
<kw name="Get WebElements" library="SeleniumLibrary">
<doc>Returns a list of WebElement objects matching the ``locator``.</doc>
<arguments>
<arg>class:_2r9Zh0W</arg>
</arguments>
<assign>
<var>${elem}</var>
</assign>
<msg timestamp="20201124 12:03:33.829" level="INFO">${elem} = [&lt;selenium.webdriver.firefox.webelement.FirefoxWebElement (session="a82d3534-d635-4b8b-a400-cff2fe7ffd8e", element="db3cda4a-4108-4fed-be9a-9dcf7cd5e422")&gt;, &lt;selenium.webdriver.firefox.webelement.Fire...</msg>
<status status="PASS" starttime="20201124 12:03:33.702" endtime="20201124 12:03:33.829"></status>
</kw>
<kw name="Select Items On Product List Page">
<arguments>
<arg>${elem}[${num}]</arg>
</arguments>
<kw name="Scroll Element Into View" library="SeleniumLibrary">
<doc>Scrolls the element identified by ``locator`` into view.</doc>
<arguments>
<arg>${item}</arg>
</arguments>
<status status="PASS" starttime="20201124 12:03:33.829" endtime="20201124 12:03:34.106"></status>
</kw>
<kw name="Click Element" library="SeleniumLibrary">
<doc>Click the element identified by ``locator``.</doc>
<arguments>
<arg>${item}</arg>
</arguments>
<msg timestamp="20201124 12:03:34.107" level="INFO">Clicking element '&lt;selenium.webdriver.firefox.webelement.FirefoxWebElement (session="a82d3534-d635-4b8b-a400-cff2fe7ffd8e", element="5f31ca62-39f4-4415-b484-3995d106737e")&gt;'.</msg>
<status status="PASS" starttime="20201124 12:03:34.106" endtime="20201124 12:03:35.555"></status>
</kw>
<status status="PASS" starttime="20201124 12:03:33.829" endtime="20201124 12:03:35.555"></status>
</kw>
<status status="PASS" starttime="20201124 12:03:33.701" endtime="20201124 12:03:35.556"></status>
</kw>
<kw name="Add Item To Checkout">
<kw name="Wait">
<kw name="Sleep" library="BuiltIn">
<doc>Pauses the test executed for the given time.</doc>
<arguments>
<arg>3</arg>
</arguments>
<msg timestamp="20201124 12:03:38.568" level="INFO">Slept 3 seconds</msg>
<status status="PASS" starttime="20201124 12:03:35.560" endtime="20201124 12:03:38.568"></status>
</kw>
<status status="PASS" starttime="20201124 12:03:35.559" endtime="20201124 12:03:38.568"></status>
</kw>
<kw name="Assign Id To Element" library="SeleniumLibrary">
<doc>Assigns a temporary ``id`` to the element specified by ``locator``.</doc>
<arguments>
<arg>id:product-add</arg>
<arg>addToBasket</arg>
</arguments>
<msg timestamp="20201124 12:03:38.569" level="INFO">Assigning temporary id 'addToBasket' to element 'id:product-add'.</msg>
<status status="PASS" starttime="20201124 12:03:38.569" endtime="20201124 12:03:38.660"></status>
</kw>
<kw name="Click Element" library="SeleniumLibrary">
<doc>Click the element identified by ``locator``.</doc>
<arguments>
<arg>xpath://span[@data-bind='text: buttonText']</arg>
</arguments>
<msg timestamp="20201124 12:03:38.661" level="INFO">Clicking element 'xpath://span[@data-bind='text: buttonText']'.</msg>
<status status="PASS" starttime="20201124 12:03:38.660" endtime="20201124 12:03:38.931"></status>
</kw>
<status status="PASS" starttime="20201124 12:03:35.558" endtime="20201124 12:03:38.932"></status>
</kw>
<status status="PASS" starttime="20201124 12:02:58.472" endtime="20201124 12:03:38.933" critical="yes"></status>
</test>
<doc>Simple example using SeleniumLibrary.</doc>
<status status="PASS" starttime="20201124 12:02:58.159" endtime="20201124 12:03:38.935"></status>
</suite>
<statistics>
<total>
<stat pass="1" fail="0">Critical Tests</stat>
<stat pass="1" fail="0">All Tests</stat>
</total>
<tag>
</tag>
<suite>
<stat pass="1" fail="0" id="s1" name="Tests">Tests</stat>
</suite>
</statistics>
<errors>
</errors>
</robot>
